<?xml version="1.0" encoding="UTF-8"?>
<!-- Generated by org.testng.reporters.JUnitReportReporter -->
<testsuite hostname="DESKTOP-ICEMFP0" name="DemoAuto.DemoHomeTest" tests="1" failures="0" timestamp="14 Jul 2019 23:47:25 GMT" time="16.536" errors="0">
  <testcase name="validatePageElements" time="16.536" classname="DemoAuto.DemoHomeTest"/>
</testsuite> <!-- DemoAuto.DemoHomeTest -->
