<?xml version="1.0" encoding="UTF-8"?>
<!-- Generated by org.testng.reporters.JUnitReportReporter -->
<testsuite hostname="DESKTOP-ICEMFP0" name="DemoAuto.WebTableTest" tests="2" failures="0" timestamp="23 Jul 2019 15:38:30 GMT" time="18.539" errors="0">
  <testcase name="editTable" time="0.474" classname="DemoAuto.WebTableTest"/>
  <testcase name="NavigateWebTable" time="18.065" classname="DemoAuto.WebTableTest"/>
</testsuite> <!-- DemoAuto.WebTableTest -->
