<?xml version="1.0" encoding="UTF-8"?>
<!-- Generated by org.testng.reporters.JUnitReportReporter -->
<testsuite hostname="DESKTOP-ICEMFP0" name="DemoAuto.DemoRegisterTest" tests="9" failures="0" timestamp="22 Jul 2019 17:21:11 GMT" time="26.400" errors="0">
  <testcase name="LoadPhoto" time="0.097" classname="DemoAuto.DemoRegisterTest"/>
  <testcase name="AutoSelect" time="7.476" classname="DemoAuto.DemoRegisterTest"/>
  <testcase name="NavigateRegister" time="2.585" classname="DemoAuto.DemoRegisterTest"/>
  <testcase name="RegisterForm" time="3.280" classname="DemoAuto.DemoRegisterTest"/>
  <testcase name="SelectCombo" time="0.299" classname="DemoAuto.DemoRegisterTest"/>
  <testcase name="checkRefreshbtn" time="3.067" classname="DemoAuto.DemoRegisterTest"/>
  <testcase name="SubmitForm" time="0.122" classname="DemoAuto.DemoRegisterTest"/>
  <testcase name="verifyNextPage" time="5.061" classname="DemoAuto.DemoRegisterTest"/>
  <testcase name="ValidateElements" time="4.413" classname="DemoAuto.DemoRegisterTest"/>
</testsuite> <!-- DemoAuto.DemoRegisterTest -->
