<?xml version="1.0" encoding="UTF-8"?>
<!-- Generated by org.testng.reporters.JUnitReportReporter -->
<testsuite hostname="DESKTOP-ICEMFP0" name="DemoAuto.DemoSigninTest" tests="1" failures="0" timestamp="20 Jul 2019 12:39:53 GMT" time="1.717" errors="0">
  <testcase name="Signin" time="1.717" classname="DemoAuto.DemoSigninTest"/>
</testsuite> <!-- DemoAuto.DemoSigninTest -->
